  [1m[36m (133.3ms)[0m  [1mCREATE TABLE "schema_migrations" ("version" varchar NOT NULL) [0m
  [1m[35m (0.0ms)[0m  select sqlite_version(*)
  [1m[36m (231.9ms)[0m  [1mCREATE UNIQUE INDEX "unique_schema_migrations" ON "schema_migrations" ("version")[0m
  [1m[35mActiveRecord::SchemaMigration Load (0.0ms)[0m  SELECT "schema_migrations".* FROM "schema_migrations"
Migrating to DeviseCreateUsers (20160609223047)
  [1m[36m (0.0ms)[0m  [1mbegin transaction[0m
  [1m[35m (15.6ms)[0m  CREATE TABLE "users" ("id" INTEGER PRIMARY KEY AUTOINCREMENT NOT NULL, "email" varchar DEFAULT '' NOT NULL, "encrypted_password" varchar DEFAULT '' NOT NULL, "reset_password_token" varchar, "reset_password_sent_at" datetime, "remember_created_at" datetime, "sign_in_count" integer DEFAULT 0 NOT NULL, "current_sign_in_at" datetime, "last_sign_in_at" datetime, "current_sign_in_ip" varchar, "last_sign_in_ip" varchar, "username" varchar, "created_at" datetime NOT NULL, "updated_at" datetime NOT NULL) 
  [1m[36m (0.0ms)[0m  [1mCREATE UNIQUE INDEX "index_users_on_email" ON "users" ("email")[0m
  [1m[35m (0.0ms)[0m              SELECT sql
            FROM sqlite_master
            WHERE name='index_users_on_email' AND type='index'
            UNION ALL
            SELECT sql
            FROM sqlite_temp_master
            WHERE name='index_users_on_email' AND type='index'

  [1m[36m (0.0ms)[0m  [1mCREATE UNIQUE INDEX "index_users_on_reset_password_token" ON "users" ("reset_password_token")[0m
  [1m[35mSQL (0.5ms)[0m  INSERT INTO "schema_migrations" ("version") VALUES (?)  [["version", "20160609223047"]]
  [1m[36m (204.0ms)[0m  [1mcommit transaction[0m
Migrating to CreateSetups (20160609223756)
  [1m[35m (0.5ms)[0m  begin transaction
DEPRECATION WARNING: `#timestamps` was called without specifying an option for `null`. In Rails 5, this behavior will change to `null: false`. You should manually specify `null: true` to prevent the behavior of your existing migrations from changing. (called from block in change at D:/Chicago Booth/Application Development/joke_prospector/db/migrate/20160609223756_create_setups.rb:6)
  [1m[36m (0.0ms)[0m  [1mCREATE TABLE "setups" ("id" INTEGER PRIMARY KEY AUTOINCREMENT NOT NULL, "body" text, "created_at" datetime, "updated_at" datetime) [0m
  [1m[35mSQL (0.0ms)[0m  INSERT INTO "schema_migrations" ("version") VALUES (?)  [["version", "20160609223756"]]
  [1m[36m (177.8ms)[0m  [1mcommit transaction[0m
Migrating to CreateAssumptions (20160609224035)
  [1m[35m (0.0ms)[0m  begin transaction
DEPRECATION WARNING: `#timestamps` was called without specifying an option for `null`. In Rails 5, this behavior will change to `null: false`. You should manually specify `null: true` to prevent the behavior of your existing migrations from changing. (called from block in change at D:/Chicago Booth/Application Development/joke_prospector/db/migrate/20160609224035_create_assumptions.rb:8)
  [1m[36m (0.9ms)[0m  [1mCREATE TABLE "assumptions" ("id" INTEGER PRIMARY KEY AUTOINCREMENT NOT NULL, "connector" text, "body" text, "setup_id" integer, "created_at" datetime, "updated_at" datetime) [0m
  [1m[35mSQL (0.0ms)[0m  INSERT INTO "schema_migrations" ("version") VALUES (?)  [["version", "20160609224035"]]
  [1m[36m (162.4ms)[0m  [1mcommit transaction[0m
Migrating to CreateReinterpretations (20160609224130)
  [1m[35m (0.0ms)[0m  begin transaction
DEPRECATION WARNING: `#timestamps` was called without specifying an option for `null`. In Rails 5, this behavior will change to `null: false`. You should manually specify `null: true` to prevent the behavior of your existing migrations from changing. (called from block in change at D:/Chicago Booth/Application Development/joke_prospector/db/migrate/20160609224130_create_reinterpretations.rb:8)
  [1m[36m (0.0ms)[0m  [1mCREATE TABLE "reinterpretations" ("id" INTEGER PRIMARY KEY AUTOINCREMENT NOT NULL, "connector" text, "assumption_id" integer, "body" text, "created_at" datetime, "updated_at" datetime) [0m
  [1m[35mSQL (0.0ms)[0m  INSERT INTO "schema_migrations" ("version") VALUES (?)  [["version", "20160609224130"]]
  [1m[36m (186.8ms)[0m  [1mcommit transaction[0m
Migrating to CreateSecondstories (20160609225219)
  [1m[35m (0.0ms)[0m  begin transaction
DEPRECATION WARNING: `#timestamps` was called without specifying an option for `null`. In Rails 5, this behavior will change to `null: false`. You should manually specify `null: true` to prevent the behavior of your existing migrations from changing. (called from block in change at D:/Chicago Booth/Application Development/joke_prospector/db/migrate/20160609225219_create_secondstories.rb:8)
  [1m[36m (0.0ms)[0m  [1mCREATE TABLE "secondstories" ("id" INTEGER PRIMARY KEY AUTOINCREMENT NOT NULL, "punch_line" text, "body" text, "reinterpretation_id" integer, "created_at" datetime, "updated_at" datetime) [0m
  [1m[35mSQL (0.0ms)[0m  INSERT INTO "schema_migrations" ("version") VALUES (?)  [["version", "20160609225219"]]
  [1m[36m (184.9ms)[0m  [1mcommit transaction[0m
  [1m[35mActiveRecord::SchemaMigration Load (0.0ms)[0m  SELECT "schema_migrations".* FROM "schema_migrations"
  [1m[36m (0.0ms)[0m  [1m            SELECT sql
            FROM sqlite_master
            WHERE name='index_users_on_reset_password_token' AND type='index'
            UNION ALL
            SELECT sql
            FROM sqlite_temp_master
            WHERE name='index_users_on_reset_password_token' AND type='index'
[0m
  [1m[35m (0.0ms)[0m              SELECT sql
            FROM sqlite_master
            WHERE name='index_users_on_email' AND type='index'
            UNION ALL
            SELECT sql
            FROM sqlite_temp_master
            WHERE name='index_users_on_email' AND type='index'

